<?xml version="1.0" encoding="UTF-8"?>
<!-- Generated by org.testng.reporters.JUnitReportReporter -->
<testsuite hostname="DESKTOP-HR8POIQ" failures="0" tests="2" name="test.logouttest" time="20.127" errors="0" timestamp="2022-11-29T12:16:48 IST" skipped="0">
  <testcase classname="test.logouttest" name="logout" time="10.466"/>
  <system-out/>
  <testcase classname="test.logouttest" name="logout" time="9.661"/>
  <system-out/>
</testsuite> <!-- test.logouttest -->
