<?xml version="1.0" encoding="UTF-8"?>
<!-- Generated by org.testng.reporters.JUnitReportReporter -->
<testsuite hostname="DESKTOP-HR8POIQ" failures="0" tests="1" name="test.logintest" time="9.493" errors="0" timestamp="2022-11-24T13:50:11 IST" skipped="0">
  <testcase classname="test.logintest" name="login" time="9.493"/>
  <system-out/>
</testsuite> <!-- test.logintest -->
